                           PRE .git/
                           PRE assets/
                           PRE css/
                           PRE svg/
2020-07-23 15:40:06       1975 10-es2015.1a627f5b5401d0de24ff.js
2020-07-23 15:40:06       2108 10-es5.1a627f5b5401d0de24ff.js
2020-07-21 23:20:36       2274 16-es2015.f8d9d8ff505f3ee4a673.js
2020-07-21 23:20:36       2753 16-es5.f8d9d8ff505f3ee4a673.js
2020-07-21 23:20:36       1233 17-es2015.426156c105d18e53d974.js
2020-07-21 23:20:36       1329 17-es5.426156c105d18e53d974.js
2020-07-23 15:40:07      47482 18-es2015.2018b807b7b4a83a0f63.js
2020-07-21 23:20:36       1285 18-es2015.49fe0d8ef45b7f55b035.js
2020-07-23 15:40:07      57248 18-es5.2018b807b7b4a83a0f63.js
2020-07-21 23:20:36       1373 18-es5.49fe0d8ef45b7f55b035.js
2020-07-21 23:20:36       1705 19-es2015.28d0b44319ffd005219b.js
2020-07-23 15:40:07       1145 19-es2015.c3877090e83cf0ef1146.js
2020-07-21 23:20:36       1903 19-es5.28d0b44319ffd005219b.js
2020-07-23 15:40:07       1256 19-es5.c3877090e83cf0ef1146.js
2020-07-23 15:40:07      39946 2-es2015.7f78482bf98e7bb596b8.js
2020-07-21 23:20:36        628 2-es2015.80f24fb0680d56d96580.js
2020-07-23 15:40:07      41692 2-es5.7f78482bf98e7bb596b8.js
2020-07-21 23:20:36        651 2-es5.80f24fb0680d56d96580.js
2020-07-23 15:40:07       2166 20-es2015.07cae70fc1b8fdc6618e.js
2020-07-21 23:20:37      21390 20-es2015.fb9641d1efa2c02bce63.js
2020-07-23 15:40:07       2533 20-es5.07cae70fc1b8fdc6618e.js
2020-07-21 23:20:37      23334 20-es5.fb9641d1efa2c02bce63.js
2020-07-23 15:40:07       2219 21-es2015.1b36081ea45a57b448af.js
2020-07-21 23:20:37      21390 21-es2015.3ad46631d2502197149f.js
2020-07-23 15:40:07       2466 21-es5.1b36081ea45a57b448af.js
2020-07-21 23:20:37      23334 21-es5.3ad46631d2502197149f.js
2020-07-21 23:20:37      33764 22-es2015.19307a5da7c4d27fbb4b.js
2020-07-23 15:40:07      21390 22-es2015.9e13dd1acdb9b845c404.js
2020-07-21 23:20:37      36272 22-es5.19307a5da7c4d27fbb4b.js
2020-07-23 15:40:07      23334 22-es5.9e13dd1acdb9b845c404.js
2020-07-23 15:40:07      21390 23-es2015.41f9474a4925e6f04598.js
2020-07-21 23:20:37      33766 23-es2015.959776784b65b5fbd740.js
2020-07-23 15:40:07      23334 23-es5.41f9474a4925e6f04598.js
2020-07-21 23:20:37      36274 23-es5.959776784b65b5fbd740.js
2020-07-23 15:40:07      33764 24-es2015.3017eaaf7d7bddcd7fcc.js
2020-07-21 23:20:37      38857 24-es2015.f412526bb6b34abc6b49.js
2020-07-23 15:40:07      36272 24-es5.3017eaaf7d7bddcd7fcc.js
2020-07-21 23:20:37      45465 24-es5.f412526bb6b34abc6b49.js
2020-07-21 23:20:38      38857 25-es2015.80dd69e375edc35b32c5.js
2020-07-23 15:40:08      33766 25-es2015.c530be925795003ad6c9.js
2020-07-21 23:20:38      45465 25-es5.80dd69e375edc35b32c5.js
2020-07-23 15:40:08      36274 25-es5.c530be925795003ad6c9.js
2020-07-21 23:20:38       3772 26-es2015.a9fbe6d1343fce0acff0.js
2020-07-23 15:40:08      38858 26-es2015.c350dfa14260fb954955.js
2020-07-21 23:20:38       4386 26-es5.a9fbe6d1343fce0acff0.js
2020-07-23 15:40:08      45466 26-es5.c350dfa14260fb954955.js
2020-07-21 23:20:38       3772 27-es2015.35c401b2758bac388bb5.js
2020-07-23 15:40:08      38858 27-es2015.a384805e495ec97104b0.js
2020-07-21 23:20:38       4386 27-es5.35c401b2758bac388bb5.js
2020-07-23 15:40:08      45466 27-es5.a384805e495ec97104b0.js
2020-07-21 23:20:38      13035 28-es2015.5c980dfe038df121b63d.js
2020-07-23 15:40:08       3772 28-es2015.67e5c18bd90f94c84c62.js
2020-07-21 23:20:38      14395 28-es5.5c980dfe038df121b63d.js
2020-07-23 15:40:08       4386 28-es5.67e5c18bd90f94c84c62.js
2020-07-23 15:40:08       3772 29-es2015.6b1735395ba6d86b74f1.js
2020-07-21 23:20:38      13037 29-es2015.a8e2b5dc20f57406ef9a.js
2020-07-23 15:40:08       4386 29-es5.6b1735395ba6d86b74f1.js
2020-07-21 23:20:38      14397 29-es5.a8e2b5dc20f57406ef9a.js
2020-07-23 15:40:08        628 3-es2015.8d7656f7df5b3d7daecb.js
2020-07-21 23:20:38        768 3-es2015.dc5db97d46445e9eea05.js
2020-07-23 15:40:08        651 3-es5.8d7656f7df5b3d7daecb.js
2020-07-21 23:20:38        862 3-es5.dc5db97d46445e9eea05.js
2020-07-23 15:40:08      13035 30-es2015.476d1c61995e576ae3cf.js
2020-07-21 23:20:38       1550 30-es2015.a1dd6d2bb1ffad3a6f55.js
2020-07-23 15:40:08      14395 30-es5.476d1c61995e576ae3cf.js
2020-07-21 23:20:38       2156 30-es5.a1dd6d2bb1ffad3a6f55.js
2020-07-21 23:20:38       1550 31-es2015.03b1c3b7ec970f5be67b.js
2020-07-23 15:40:08      13037 31-es2015.c38069a9419a48780108.js
2020-07-21 23:20:39       2156 31-es5.03b1c3b7ec970f5be67b.js
2020-07-23 15:40:08      14397 31-es5.c38069a9419a48780108.js
2020-07-23 15:40:08       1550 32-es2015.b2bebdf4fff8509574a6.js
2020-07-21 23:20:39      24084 32-es2015.cae965c2fc49aff4006c.js
2020-07-23 15:40:09       2156 32-es5.b2bebdf4fff8509574a6.js
2020-07-21 23:20:39      25229 32-es5.cae965c2fc49aff4006c.js
2020-07-21 23:20:39      24084 33-es2015.599fe92a73df5f65aec8.js
2020-07-23 15:40:09       1550 33-es2015.d5f1ac270da0c692594c.js
2020-07-21 23:20:38      25229 33-es5.599fe92a73df5f65aec8.js
2020-07-23 15:40:09       2156 33-es5.d5f1ac270da0c692594c.js
2020-07-21 23:20:38      11289 34-es2015.12fb0a0f61ef6b48b3ec.js
2020-07-23 15:40:09      24084 34-es2015.809f66d98cbc3e414791.js
2020-07-21 23:20:38      12117 34-es5.12fb0a0f61ef6b48b3ec.js
2020-07-23 15:40:09      25229 34-es5.809f66d98cbc3e414791.js
2020-07-23 15:40:09      24084 35-es2015.550018914569494fb845.js
2020-07-21 23:20:38      11289 35-es2015.852cc9b0754c627d379a.js
2020-07-23 15:40:09      25229 35-es5.550018914569494fb845.js
2020-07-21 23:20:38      12117 35-es5.852cc9b0754c627d379a.js
2020-07-23 15:40:09      11289 36-es2015.2f9117e65de15aa4d957.js
2020-07-21 23:20:39       7505 36-es2015.9df0eba705b9c240fdc9.js
2020-07-23 15:40:09      12117 36-es5.2f9117e65de15aa4d957.js
2020-07-21 23:20:39       8242 36-es5.9df0eba705b9c240fdc9.js
2020-07-23 15:40:09      11289 37-es2015.135e2d6bf7a2e2eb2a7b.js
2020-07-21 23:20:39       7503 37-es2015.2d0b573386dbad64af12.js
2020-07-23 15:40:09      12117 37-es5.135e2d6bf7a2e2eb2a7b.js
2020-07-21 23:20:39       8240 37-es5.2d0b573386dbad64af12.js
2020-07-21 23:20:39       8220 38-es2015.44a2eb5441e13eff7f8d.js
2020-07-23 15:40:09       7505 38-es2015.a72e2fa0c45a6c026a9a.js
2020-07-21 23:20:39       8730 38-es5.44a2eb5441e13eff7f8d.js
2020-07-23 15:40:09       8242 38-es5.a72e2fa0c45a6c026a9a.js
2020-07-21 23:20:39       8218 39-es2015.9ca58a921a3b3a2dcf2b.js
2020-07-23 15:40:09       7503 39-es2015.fb9f61958b5ce7507c7a.js
2020-07-21 23:20:39       8728 39-es5.9ca58a921a3b3a2dcf2b.js
2020-07-23 15:40:09       8240 39-es5.fb9f61958b5ce7507c7a.js
2020-07-23 15:40:09      45427 3rdpartylicenses.txt
2020-07-21 23:20:39       4126 4-es2015.1d79b6cd3090af1991a6.js
2020-07-23 15:40:09       4407 4-es2015.d8f1c46cd1052444c7bf.js
2020-07-21 23:20:39       5639 4-es5.1d79b6cd3090af1991a6.js
2020-07-23 15:40:09       5324 4-es5.d8f1c46cd1052444c7bf.js
2020-07-23 15:40:09       8220 40-es2015.484db4700da2db94af17.js
2020-07-21 23:20:39      11503 40-es2015.9a3507ba8198ab65c50c.js
2020-07-23 15:40:10       8730 40-es5.484db4700da2db94af17.js
2020-07-21 23:20:39      13437 40-es5.9a3507ba8198ab65c50c.js
2020-07-21 13:34:42        376 403.html
2020-07-21 13:34:42        365 404.html
2020-07-23 15:40:10       8218 41-es2015.182ee63d79f483372d61.js
2020-07-21 23:20:39      39458 41-es2015.43b59a7c4dea55e5f556.js
2020-07-23 15:40:10       8728 41-es5.182ee63d79f483372d61.js
2020-07-21 23:20:39      45445 41-es5.43b59a7c4dea55e5f556.js
2020-07-21 23:20:40      39458 42-es2015.c35fb9083821530b1935.js
2020-07-23 15:40:10      11503 42-es2015.ef08bd41cfcc02172279.js
2020-07-21 23:20:40      45445 42-es5.c35fb9083821530b1935.js
2020-07-23 15:40:10      13437 42-es5.ef08bd41cfcc02172279.js
2020-07-21 23:20:40      21479 43-es2015.42818169c59dce9defc8.js
2020-07-23 15:40:10      39458 43-es2015.830a806ae331cfa9d4ef.js
2020-07-21 23:20:40      23010 43-es5.42818169c59dce9defc8.js
2020-07-23 15:40:10      45445 43-es5.830a806ae331cfa9d4ef.js
2020-07-21 23:20:40      21479 44-es2015.63bc75e7fa45415fae42.js
2020-07-23 15:40:10      39458 44-es2015.becc48345e8b5712c1f5.js
2020-07-21 23:20:40      23010 44-es5.63bc75e7fa45415fae42.js
2020-07-23 15:40:10      45445 44-es5.becc48345e8b5712c1f5.js
2020-07-21 23:20:40       1481 45-es2015.60818d6f4e9a239b97fb.js
2020-07-23 15:40:10      21479 45-es2015.7baa98fb082094d264ac.js
2020-07-21 23:20:40       2050 45-es5.60818d6f4e9a239b97fb.js
2020-07-23 15:40:10      23010 45-es5.7baa98fb082094d264ac.js
2020-07-21 23:20:40       6021 46-es2015.55267ca4a4aa7b71ce67.js
2020-07-23 15:40:10      21479 46-es2015.687c869bc87d3d8ed7be.js
2020-07-21 23:20:40       7631 46-es5.55267ca4a4aa7b71ce67.js
2020-07-23 15:40:10      23010 46-es5.687c869bc87d3d8ed7be.js
2020-07-23 15:40:10       1481 47-es2015.1c16e1da6d4887e579b7.js
2020-07-21 23:20:40       6023 47-es2015.4585ded25518e7da9d9b.js
2020-07-23 15:40:10       2050 47-es5.1c16e1da6d4887e579b7.js
2020-07-21 23:20:40       7633 47-es5.4585ded25518e7da9d9b.js
2020-07-23 15:40:10       6021 48-es2015.0bbd1dcb4292a83cd412.js
2020-07-21 23:20:40      13648 48-es2015.4e7fd76cc44306aed21d.js
2020-07-23 15:40:10       7631 48-es5.0bbd1dcb4292a83cd412.js
2020-07-21 23:20:40      14997 48-es5.4e7fd76cc44306aed21d.js
2020-07-21 23:20:40      13648 49-es2015.1aee7131f0d45f41fa8f.js
2020-07-23 15:40:11       6023 49-es2015.cf25fc3a9f06730b76f6.js
2020-07-21 23:20:40      14997 49-es5.1aee7131f0d45f41fa8f.js
2020-07-23 15:40:11       7633 49-es5.cf25fc3a9f06730b76f6.js
2020-07-21 23:20:40       1721 5-es2015.19a9b0c2be595cff34b5.js
2020-07-23 15:40:11        768 5-es2015.fa0686fa75a9e2096eff.js
2020-07-21 23:20:40       1896 5-es5.19a9b0c2be595cff34b5.js
2020-07-23 15:40:11        862 5-es5.fa0686fa75a9e2096eff.js
2020-07-23 15:40:11      13648 50-es2015.59241730b71b7d1c4722.js
2020-07-21 23:20:41      20798 50-es2015.999956edf1afb2d36eef.js
2020-07-23 15:40:11      14997 50-es5.59241730b71b7d1c4722.js
2020-07-21 23:20:41      23771 50-es5.999956edf1afb2d36eef.js
2020-07-21 23:20:41      20798 51-es2015.8eb4eb8824f5080c38bc.js
2020-07-23 15:40:11      13648 51-es2015.f0e7b7b2f00bf07b4a43.js
2020-07-21 23:20:41      23771 51-es5.8eb4eb8824f5080c38bc.js
2020-07-23 15:40:11      14997 51-es5.f0e7b7b2f00bf07b4a43.js
2020-07-23 15:40:11      20798 52-es2015.bef5c6baa270954fcca1.js
2020-07-21 23:20:41      59026 52-es2015.c9dd0a6521afc3a68176.js
2020-07-23 15:40:11      23771 52-es5.bef5c6baa270954fcca1.js
2020-07-21 23:20:41      61086 52-es5.c9dd0a6521afc3a68176.js
2020-07-23 15:40:11      20798 53-es2015.25cb734c151904557988.js
2020-07-21 23:20:41      59028 53-es2015.5c0b4a87a0d3d2e7a653.js
2020-07-23 15:40:11      23771 53-es5.25cb734c151904557988.js
2020-07-21 23:20:41      61088 53-es5.5c0b4a87a0d3d2e7a653.js
2020-07-21 23:20:41       8496 54-es2015.2e521fbd7cd96646b5f8.js
2020-07-23 15:40:11      59026 54-es2015.c10a6a3b0636136abc32.js
2020-07-21 23:20:41       9710 54-es5.2e521fbd7cd96646b5f8.js
2020-07-23 15:40:11      61086 54-es5.c10a6a3b0636136abc32.js
2020-07-21 23:20:41       8496 55-es2015.4eb4be98035a0f478c24.js
2020-07-23 15:40:11      59028 55-es2015.6f9592bb3dcbe338678d.js
2020-07-21 23:20:41       9710 55-es5.4eb4be98035a0f478c24.js
2020-07-23 15:40:11      61088 55-es5.6f9592bb3dcbe338678d.js
2020-07-23 15:40:11       8496 56-es2015.94942f9c1b368f8fbb98.js
2020-07-21 23:20:41      19427 56-es2015.a69a07fe2dd4e58ba714.js
2020-07-23 15:40:11       9710 56-es5.94942f9c1b368f8fbb98.js
2020-07-21 23:20:41      23977 56-es5.a69a07fe2dd4e58ba714.js
2020-07-21 23:20:41      19427 57-es2015.d2db803ab08f754f4053.js
2020-07-23 15:40:12       8496 57-es2015.f82726a1bdd2dfcd4afd.js
2020-07-21 23:20:41      23977 57-es5.d2db803ab08f754f4053.js
2020-07-23 15:40:12       9710 57-es5.f82726a1bdd2dfcd4afd.js
2020-07-23 15:40:12      19427 58-es2015.1c6b88571da216a392ff.js
2020-07-21 23:20:41      13878 58-es2015.8282aca595b208723673.js
2020-07-23 15:40:12      23977 58-es5.1c6b88571da216a392ff.js
2020-07-21 23:20:41      15902 58-es5.8282aca595b208723673.js
2020-07-23 15:40:12      19427 59-es2015.412bea7407f5511aa61a.js
2020-07-21 23:20:41      13878 59-es2015.7be2e1acd102abd7c7ce.js
2020-07-23 15:40:12      23977 59-es5.412bea7407f5511aa61a.js
2020-07-21 23:20:41      15902 59-es5.7be2e1acd102abd7c7ce.js
2020-07-21 23:20:42        435 6-es2015.48a163a6aa7df68eccf2.js
2020-07-23 15:40:12       4126 6-es2015.b3495b5a918f20c91bda.js
2020-07-21 23:20:42        464 6-es5.48a163a6aa7df68eccf2.js
2020-07-23 15:40:12       5639 6-es5.b3495b5a918f20c91bda.js
2020-07-21 23:20:42      11370 60-es2015.aa91c113274393afc6d0.js
2020-07-23 15:40:12      13878 60-es2015.e005e80915a8ad4a17ed.js
2020-07-21 23:20:42      16626 60-es5.aa91c113274393afc6d0.js
2020-07-23 15:40:12      15902 60-es5.e005e80915a8ad4a17ed.js
2020-07-21 23:20:42       9845 61-es2015.a772fe163bbf92970ca3.js
2020-07-23 15:40:12      13878 61-es2015.e08f5d597346935956cb.js
2020-07-21 23:20:42      11427 61-es5.a772fe163bbf92970ca3.js
2020-07-23 15:40:12      15902 61-es5.e08f5d597346935956cb.js
2020-07-21 23:20:42       9845 62-es2015.5fe18ce12bddec52afbd.js
2020-07-23 15:40:12      11370 62-es2015.703b93cd302a5d0a85ce.js
2020-07-21 23:20:42      11427 62-es5.5fe18ce12bddec52afbd.js
2020-07-23 15:40:12      16626 62-es5.703b93cd302a5d0a85ce.js
2020-07-23 15:40:12       9845 63-es2015.92cebfc87876ee32a2b8.js
2020-07-21 23:20:42      18664 63-es2015.a92ee6c3fdff471092cf.js
2020-07-23 15:40:12      11427 63-es5.92cebfc87876ee32a2b8.js
2020-07-21 23:20:42      19226 63-es5.a92ee6c3fdff471092cf.js
2020-07-23 15:40:12       9845 64-es2015.728a848fe718becf24bd.js
2020-07-21 23:20:42      18664 64-es2015.f0a08ae34cc03a9df34d.js
2020-07-23 15:40:12      11427 64-es5.728a848fe718becf24bd.js
2020-07-21 23:20:42      19226 64-es5.f0a08ae34cc03a9df34d.js
2020-07-21 23:20:42       8329 65-es2015.00cf116ff6e476192b71.js
2020-07-23 15:40:12      18664 65-es2015.06eb2f93b6518c96b841.js
2020-07-21 23:20:42       9649 65-es5.00cf116ff6e476192b71.js
2020-07-23 15:40:13      19226 65-es5.06eb2f93b6518c96b841.js
2020-07-23 15:40:13      18664 66-es2015.78409be13896602e6048.js
2020-07-21 23:20:42       8327 66-es2015.b43921ec4b6d7423a263.js
2020-07-23 15:40:13      19226 66-es5.78409be13896602e6048.js
2020-07-21 23:20:42       9647 66-es5.b43921ec4b6d7423a263.js
2020-07-21 23:20:42      18695 67-es2015.89cc840ac6bbea09885f.js
2020-07-23 15:40:13       8329 67-es2015.b50c81baff6f95b9c48d.js
2020-07-21 23:20:42      20441 67-es5.89cc840ac6bbea09885f.js
2020-07-23 15:40:13       9649 67-es5.b50c81baff6f95b9c48d.js
2020-07-23 15:40:13       8327 68-es2015.36cf5d4d8ddf3bdbcfc6.js
2020-07-21 23:20:42      18693 68-es2015.ad23d68fcdc10d574302.js
2020-07-23 15:40:13       9647 68-es5.36cf5d4d8ddf3bdbcfc6.js
2020-07-21 23:20:42      20439 68-es5.ad23d68fcdc10d574302.js
2020-07-23 15:40:13      18695 69-es2015.53f1190f276d72d3ebcc.js
2020-07-21 23:20:43      23755 69-es2015.880f376e4316a0d00e86.js
2020-07-23 15:40:13      20441 69-es5.53f1190f276d72d3ebcc.js
2020-07-21 23:20:43      27687 69-es5.880f376e4316a0d00e86.js
2020-07-23 15:40:13       1721 7-es2015.7bee6f0c06f9e0407cfa.js
2020-07-21 23:20:43      99722 7-es2015.9514349dd684f9b07482.js
2020-07-23 15:40:13       1896 7-es5.7bee6f0c06f9e0407cfa.js
2020-07-21 23:20:43     108114 7-es5.9514349dd684f9b07482.js
2020-07-23 15:40:13      18693 70-es2015.f1cf5ba6986deed2b8cf.js
2020-07-21 23:20:43      23755 70-es2015.f82aeefa1b8e03768a6e.js
2020-07-23 15:40:13      20439 70-es5.f1cf5ba6986deed2b8cf.js
2020-07-21 23:20:43      27687 70-es5.f82aeefa1b8e03768a6e.js
2020-07-21 23:20:43       5334 71-es2015.4401a276d00ada80d313.js
2020-07-23 15:40:13      23755 71-es2015.50da4d1f0bb7b057cd8b.js
2020-07-21 23:20:43       6887 71-es5.4401a276d00ada80d313.js
2020-07-23 15:40:13      27687 71-es5.50da4d1f0bb7b057cd8b.js
2020-07-21 23:20:43       5334 72-es2015.c680ca1ba4bc728b7f1f.js
2020-07-23 15:40:13      23755 72-es2015.d868ac3feb6af8a3c5b4.js
2020-07-21 23:20:43       6887 72-es5.c680ca1ba4bc728b7f1f.js
2020-07-23 15:40:13      27687 72-es5.d868ac3feb6af8a3c5b4.js
2020-07-23 15:40:13       5334 73-es2015.0c3172fb7b2ebf310c9e.js
2020-07-21 23:20:43       3140 73-es2015.bc5768f660d9b5f26b98.js
2020-07-23 15:40:13       6887 73-es5.0c3172fb7b2ebf310c9e.js
2020-07-21 23:20:43       4273 73-es5.bc5768f660d9b5f26b98.js
2020-07-23 15:40:14       5334 74-es2015.2ef871791f1759cff68e.js
2020-07-21 23:20:43       9475 74-es2015.fb3c7773b0a841d73577.js
2020-07-23 15:40:14       6887 74-es5.2ef871791f1759cff68e.js
2020-07-21 23:20:43      16953 74-es5.fb3c7773b0a841d73577.js
2020-07-23 15:40:14       3140 75-es2015.7ffc9aae828411c57099.js
2020-07-21 23:20:43      23957 75-es2015.cee47105b5093346937e.js
2020-07-23 15:40:14       4273 75-es5.7ffc9aae828411c57099.js
2020-07-21 23:20:43      25392 75-es5.cee47105b5093346937e.js
2020-07-23 15:40:14       9475 76-es2015.c715d39f1f23b65462e9.js
2020-07-21 23:20:43      23957 76-es2015.f7e7197df3a245a2e976.js
2020-07-23 15:40:14      16953 76-es5.c715d39f1f23b65462e9.js
2020-07-21 23:20:43      25392 76-es5.f7e7197df3a245a2e976.js
2020-07-23 15:40:14      23957 77-es2015.6466e8fb73d9d4085568.js
2020-07-21 23:20:44      26712 77-es2015.b3e07d090cdf2fb59135.js
2020-07-23 15:40:14      25392 77-es5.6466e8fb73d9d4085568.js
2020-07-21 23:20:44      29888 77-es5.b3e07d090cdf2fb59135.js
2020-07-23 15:40:14      23957 78-es2015.7f34a7cadca916c6fa74.js
2020-07-21 23:20:44      26714 78-es2015.8592da91c27a55263a88.js
2020-07-23 15:40:14      25392 78-es5.7f34a7cadca916c6fa74.js
2020-07-21 23:20:44      29890 78-es5.8592da91c27a55263a88.js
2020-07-21 23:20:44      11991 79-es2015.2068dd6809fb301bbf78.js
2020-07-23 15:40:14      26712 79-es2015.2c4e2635be7c208cabfc.js
2020-07-21 23:20:44      15305 79-es5.2068dd6809fb301bbf78.js
2020-07-23 15:40:14      29888 79-es5.2c4e2635be7c208cabfc.js
2020-07-23 15:40:14        435 8-es2015.184935a19ea561233b8f.js
2020-07-21 23:20:44       1974 8-es2015.9c5c610ac8778b98b30c.js
2020-07-23 15:40:14        464 8-es5.184935a19ea561233b8f.js
2020-07-21 23:20:44       2107 8-es5.9c5c610ac8778b98b30c.js
2020-07-21 23:20:44      11991 80-es2015.38bebc3024623ec51fcb.js
2020-07-23 15:40:14      26714 80-es2015.db77c75d3e696ef95074.js
2020-07-21 23:20:44      15305 80-es5.38bebc3024623ec51fcb.js
2020-07-23 15:40:14      29890 80-es5.db77c75d3e696ef95074.js
2020-07-21 23:20:44      48835 81-es2015.9611f80426bdceedfeba.js
2020-07-23 15:40:14      11991 81-es2015.f8adc79e32f60e5caa7c.js
2020-07-21 23:20:44      55552 81-es5.9611f80426bdceedfeba.js
2020-07-23 15:40:14      15305 81-es5.f8adc79e32f60e5caa7c.js
2020-07-21 23:20:44      48833 82-es2015.9d15ed19730148ef419b.js
2020-07-23 15:40:14      11991 82-es2015.a4feb30d3b7d29246b9f.js
2020-07-21 23:20:44      55550 82-es5.9d15ed19730148ef419b.js
2020-07-23 15:40:14      15305 82-es5.a4feb30d3b7d29246b9f.js
2020-07-21 23:20:44       5337 83-es2015.1cfa90d69e7e4203e11f.js
2020-07-23 15:40:15      48835 83-es2015.8ba9fded5c8918ea0213.js
2020-07-21 23:20:44       5869 83-es5.1cfa90d69e7e4203e11f.js
2020-07-23 15:40:15      55552 83-es5.8ba9fded5c8918ea0213.js
2020-07-23 15:40:15      48833 84-es2015.1fd04a6b2cc7a6772113.js
2020-07-21 23:20:44       6479 84-es2015.58ac9958ad00844e1767.js
2020-07-23 15:40:15      55550 84-es5.1fd04a6b2cc7a6772113.js
2020-07-21 23:20:44       7153 84-es5.58ac9958ad00844e1767.js
2020-07-21 23:20:45       6479 85-es2015.35fe1df3174d3faaa752.js
2020-07-23 15:40:15       5337 85-es2015.f2085028bf16ee50f7d9.js
2020-07-21 23:20:45       7153 85-es5.35fe1df3174d3faaa752.js
2020-07-23 15:40:15       5869 85-es5.f2085028bf16ee50f7d9.js
2020-07-23 15:40:15       6479 86-es2015.a9b0b9ec6f5bee01f8a8.js
2020-07-21 23:20:45      20033 86-es2015.f7dec10504a027c48db0.js
2020-07-23 15:40:15       7153 86-es5.a9b0b9ec6f5bee01f8a8.js
2020-07-21 23:20:45      21049 86-es5.f7dec10504a027c48db0.js
2020-07-21 23:20:45      20033 87-es2015.c562c56a2a138b27cc3b.js
2020-07-23 15:40:15       6479 87-es2015.f9690f88f3b4b57e0106.js
2020-07-21 23:20:45      21049 87-es5.c562c56a2a138b27cc3b.js
2020-07-23 15:40:15       7153 87-es5.f9690f88f3b4b57e0106.js
2020-07-23 15:40:15      20033 88-es2015.00e814232841dea614bb.js
2020-07-21 23:20:45       3748 88-es2015.31be51b7a624b6a2fb37.js
2020-07-23 15:40:15      21049 88-es5.00e814232841dea614bb.js
2020-07-21 23:20:45       6754 88-es5.31be51b7a624b6a2fb37.js
2020-07-23 15:40:15      20033 89-es2015.9403d549d7dd9a874a81.js
2020-07-21 23:20:45        443 89-es2015.bb6895669343b418efc0.js
2020-07-23 15:40:15      21049 89-es5.9403d549d7dd9a874a81.js
2020-07-21 23:20:45        919 89-es5.bb6895669343b418efc0.js
2020-07-23 15:40:15      99722 9-es2015.7b2bab36751cd9c37970.js
2020-07-23 15:40:15     108114 9-es5.7b2bab36751cd9c37970.js
2020-07-23 15:40:15       3748 90-es2015.1be9a8ca89f3402b001f.js
2020-07-21 23:20:45      11893 90-es2015.64cfb228a9a83cf981c9.js
2020-07-23 15:40:15       6754 90-es5.1be9a8ca89f3402b001f.js
2020-07-21 23:20:45      13309 90-es5.64cfb228a9a83cf981c9.js
2020-07-21 23:20:45      11893 91-es2015.abc222ab6ed5e49b164b.js
2020-07-23 15:40:16        443 91-es2015.c026af6b02bd7c0b48ba.js
2020-07-21 23:20:45      13309 91-es5.abc222ab6ed5e49b164b.js
2020-07-23 15:40:16        919 91-es5.c026af6b02bd7c0b48ba.js
2020-07-21 23:20:45      13930 92-es2015.584e6153b6159d4b54b5.js
2020-07-23 15:40:16      11893 92-es2015.ee780b219378e94d4229.js
2020-07-21 23:20:45      16097 92-es5.584e6153b6159d4b54b5.js
2020-07-23 15:40:16      13309 92-es5.ee780b219378e94d4229.js
2020-07-21 23:20:45      13932 93-es2015.055ae5f1376b14d1f5f1.js
2020-07-23 15:40:16      11893 93-es2015.f1ec219f4ec6908d568d.js
2020-07-21 23:20:45      16099 93-es5.055ae5f1376b14d1f5f1.js
2020-07-23 15:40:16      13309 93-es5.f1ec219f4ec6908d568d.js
2020-07-23 15:40:16      13930 94-es2015.46c824dcbf90f2a2059f.js
2020-07-21 23:20:46      12693 94-es2015.4ab8a19aca36b7df5317.js
2020-07-23 15:40:16      16097 94-es5.46c824dcbf90f2a2059f.js
2020-07-21 23:20:46      14138 94-es5.4ab8a19aca36b7df5317.js
2020-07-21 23:20:46      12693 95-es2015.49411eab67a8a8e6a4f6.js
2020-07-23 15:40:16      13932 95-es2015.c2477a9223ad7a4dda66.js
2020-07-21 23:20:46      14138 95-es5.49411eab67a8a8e6a4f6.js
2020-07-23 15:40:16      16099 95-es5.c2477a9223ad7a4dda66.js
2020-07-23 15:40:16      12693 96-es2015.eafc5c82f71e3cd159e2.js
2020-07-21 23:20:46       7520 96-es2015.f293bf951c703add4852.js
2020-07-23 15:40:16      14138 96-es5.eafc5c82f71e3cd159e2.js
2020-07-21 23:20:46      10959 96-es5.f293bf951c703add4852.js
2020-07-21 23:20:46       4608 97-es2015.d99ac299ff07136ec0dc.js
2020-07-23 15:40:16      12693 97-es2015.f045adbb37cda1bca39d.js
2020-07-21 23:20:46       6073 97-es5.d99ac299ff07136ec0dc.js
2020-07-23 15:40:16      14138 97-es5.f045adbb37cda1bca39d.js
2020-07-23 15:40:16       7520 98-es2015.d49bcf30e0a240efc632.js
2020-07-23 15:40:16      10959 98-es5.d49bcf30e0a240efc632.js
2020-07-23 15:40:16       4608 99-es2015.eed27556aa06a81dfbde.js
2020-07-23 15:40:16       6073 99-es5.eed27556aa06a81dfbde.js
2020-07-23 15:40:17       4426 common-es2015.6b13f17b5f29fb78490f.js
2020-07-21 23:20:46       5440 common-es2015.c7833650ff06ce0bcc54.js
2020-07-23 15:40:17       6112 common-es5.6b13f17b5f29fb78490f.js
2020-07-21 23:20:46       7394 common-es5.c7833650ff06ce0bcc54.js
2020-07-23 15:41:49       1613 index.html
2020-07-21 23:20:47     364426 main-es2015.47bf71b692158aa88f7c.js
2020-07-23 15:40:17     648378 main-es2015.93ffcdac597c6ea809a3.js
2020-07-21 23:20:47     426004 main-es5.47bf71b692158aa88f7c.js
2020-07-23 15:40:17     742488 main-es5.93ffcdac597c6ea809a3.js
2020-07-23 15:40:17       1330 manifest.webmanifest
2020-07-23 15:40:17     141750 ngsw-worker.js
2020-07-23 15:40:17      27912 ngsw.json
2020-07-21 13:34:42        391 other.html
2020-07-21 23:20:47      78977 polyfills-core-js-es2015.1d1f22e1bffb7e7308cc.js
2020-07-23 15:40:17      78977 polyfills-core-js-es2015.2598345552ff5bd66dc7.js
2020-07-21 23:20:47      78983 polyfills-core-js-es5.1d1f22e1bffb7e7308cc.js
2020-07-23 15:40:17      78983 polyfills-core-js-es5.2598345552ff5bd66dc7.js
2020-07-21 23:20:47       8098 polyfills-css-shim-es2015.113ca54cb62cb2424c34.js
2020-07-23 15:40:17       8098 polyfills-css-shim-es2015.9f5de5228075bd8a24b0.js
2020-07-21 23:20:47       8082 polyfills-css-shim-es5.113ca54cb62cb2424c34.js
2020-07-23 15:40:18       8082 polyfills-css-shim-es5.9f5de5228075bd8a24b0.js
2020-07-23 15:40:18      36862 polyfills-dom-es2015.d25b4fa4f49e01c03af9.js
2020-07-21 23:20:47      36862 polyfills-dom-es2015.e435b2b120d4b7c3a2b5.js
2020-07-23 15:40:18      36862 polyfills-dom-es5.d25b4fa4f49e01c03af9.js
2020-07-21 23:20:47      36862 polyfills-dom-es5.e435b2b120d4b7c3a2b5.js
2020-07-23 15:40:18      37064 polyfills-es2015.2c62a7680a444282a887.js
2020-07-21 23:20:47      37064 polyfills-es2015.f432bc0bb7242979dc1a.js
2020-07-21 23:20:47     132009 polyfills-es5.5d4748c3eea78cd77178.js
2020-07-23 15:40:18     132009 polyfills-es5.bdda9654e13f62411396.js
2020-07-21 13:34:42         26 robots.txt
2020-07-21 23:20:47       4750 runtime-es2015.00dfecbe13287c0a4267.js
2020-07-23 15:40:18       4801 runtime-es2015.5fdf0f7199215122ba79.js
2020-07-21 23:20:47       4747 runtime-es5.00dfecbe13287c0a4267.js
2020-07-23 15:40:18       4798 runtime-es5.5fdf0f7199215122ba79.js
2020-07-23 15:40:18        519 safety-worker.js
2020-07-23 15:40:18      94544 styles.228f64ce22f3246f6479.css
2020-07-21 23:20:48      24665 styles.a88813017de7d478b9e0.css
2020-07-23 15:41:22        519 worker-basic.min.js
